# JRE version: OpenJDK Runtime Environment (21.0.6) (build 21.0.6+-13391695-b895.109)
# Java VM: OpenJDK 64-Bit Server VM (21.0.6+-13391695-b895.109, mixed mode, tiered, compressed oops, compressed class ptrs, g1 gc, bsd-aarch64)
GC Precious Log:
 CardTable entry size: 512
 Card Set container configuration: InlinePtr #cards 5 size 8 Array Of Cards #cards 12 size 40 Howl #buckets 4 coarsen threshold 1843 Howl Bitmap #cards 512 size 80 coarsen threshold 460 Card regions per heap region 1 cards per card region 2048
 CPUs: 8 total, 8 available
 Memory: 8192M
 Large Page Support: Disabled
 NUMA Support: Disabled
 Compressed Oops: Enabled (Zero based)
 Heap Region Size: 1M
 Heap Min Capacity: 8M
 Heap Initial Capacity: 128M
 Heap Max Capacity: 2G
 Pre-touch: Disabled
 Parallel Workers: 8
 Concurrent Workers: 2
 Concurrent Refinement Workers: 8
 Periodic GC: Disabled
Heap:
 garbage-first heap   total 52224K, used 39458K [0x0000000780000000, 0x0000000800000000)
  region size 1024K, 23 young (23552K), 2 survivors (2048K)
 Metaspace       used 48243K, committed 48832K, reserved 1114112K
  class space    used 4788K, committed 5056K, reserved 1048576K
GC Heap History (20 events):
Event: 2.241 GC heap before
{Heap before GC invocations=8 (full 0):
 garbage-first heap   total 39936K, used 31386K [0x0000000780000000, 0x0000000800000000)
  region size 1024K, 19 young (19456K), 2 survivors (2048K)
 Metaspace       used 38817K, committed 39296K, reserved 1114112K
  class space    used 3965K, committed 4160K, reserved 1048576K
}
Event: 2.244 GC heap after
{Heap after GC invocations=9 (full 0):
 garbage-first heap   total 52224K, used 15727K [0x0000000780000000, 0x0000000800000000)
  region size 1024K, 2 young (2048K), 2 survivors (2048K)
 Metaspace       used 38817K, committed 39296K, reserved 1114112K
  class space    used 3965K, committed 4160K, reserved 1048576K
}
Event: 7.575 GC heap before
{Heap before GC invocations=9 (full 0):
 garbage-first heap   total 52224K, used 42351K [0x0000000780000000, 0x0000000800000000)
  region size 1024K, 29 young (29696K), 2 survivors (2048K)
 Metaspace       used 43685K, committed 44224K, reserved 1114112K
  class space    used 4525K, committed 4736K, reserved 1048576K
}
Event: 7.580 GC heap after
{Heap after GC invocations=10 (full 0):
 garbage-first heap   total 52224K, used 17471K [0x0000000780000000, 0x0000000800000000)
  region size 1024K, 4 young (4096K), 4 survivors (4096K)
 Metaspace       used 43685K, committed 44224K, reserved 1114112K
  class space    used 4525K, committed 4736K, reserved 1048576K
}
Event: 251.350 GC heap before
{Heap before GC invocations=10 (full 0):
 garbage-first heap   total 52224K, used 43071K [0x0000000780000000, 0x0000000800000000)
  region size 1024K, 29 young (29696K), 4 survivors (4096K)
 Metaspace       used 45786K, committed 46400K, reserved 1114112K
  class space    used 4681K, committed 4928K, reserved 1048576K
}
Event: 251.357 GC heap after
{Heap after GC invocations=11 (full 0):
 garbage-first heap   total 52224K, used 19462K [0x0000000780000000, 0x0000000800000000)
  region size 1024K, 4 young (4096K), 4 survivors (4096K)
 Metaspace       used 45786K, committed 46400K, reserved 1114112K
  class space    used 4681K, committed 4928K, reserved 1048576K
}
Event: 272.837 GC heap before
{Heap before GC invocations=11 (full 0):
 garbage-first heap   total 52224K, used 22534K [0x0000000780000000, 0x0000000800000000)
  region size 1024K, 8 young (8192K), 4 survivors (4096K)
 Metaspace       used 46034K, committed 46720K, reserved 1114112K
  class space    used 4703K, committed 4992K, reserved 1048576K
}
Event: 272.844 GC heap after
{Heap after GC invocations=12 (full 0):
 garbage-first heap   total 52224K, used 19419K [0x0000000780000000, 0x0000000800000000)
  region size 1024K, 1 young (1024K), 1 survivors (1024K)
 Metaspace       used 46034K, committed 46720K, reserved 1114112K
  class space    used 4703K, committed 4992K, reserved 1048576K
}
Event: 532.319 GC heap before
{Heap before GC invocations=13 (full 0):
 garbage-first heap   total 52224K, used 45019K [0x0000000780000000, 0x0000000800000000)
  region size 1024K, 26 young (26624K), 1 survivors (1024K)
 Metaspace       used 47061K, committed 47680K, reserved 1114112K
  class space    used 4723K, committed 4992K, reserved 1048576K
}
Event: 532.321 GC heap after
{Heap after GC invocations=14 (full 0):
 garbage-first heap   total 52224K, used 19894K [0x0000000780000000, 0x0000000800000000)
  region size 1024K, 2 young (2048K), 2 survivors (2048K)
 Metaspace       used 47061K, committed 47680K, reserved 1114112K
  class space    used 4723K, committed 4992K, reserved 1048576K
}
Event: 563.296 GC heap before
{Heap before GC invocations=14 (full 0):
 garbage-first heap   total 52224K, used 38326K [0x0000000780000000, 0x0000000800000000)
  region size 1024K, 21 young (21504K), 2 survivors (2048K)
 Metaspace       used 47358K, committed 48000K, reserved 1114112K
  class space    used 4727K, committed 4992K, reserved 1048576K
}
Event: 563.298 GC heap after
{Heap after GC invocations=15 (full 0):
 garbage-first heap   total 52224K, used 20126K [0x0000000780000000, 0x0000000800000000)
  region size 1024K, 2 young (2048K), 2 survivors (2048K)
 Metaspace       used 47358K, committed 48000K, reserved 1114112K
  class space    used 4727K, committed 4992K, reserved 1048576K
}
Event: 828.222 GC heap before
{Heap before GC invocations=16 (full 0):
 garbage-first heap   total 52224K, used 44702K [0x0000000780000000, 0x0000000800000000)
  region size 1024K, 26 young (26624K), 2 survivors (2048K)
 Metaspace       used 47406K, committed 48064K, reserved 1114112K
  class space    used 4727K, committed 4992K, reserved 1048576K
}
Event: 828.227 GC heap after
{Heap after GC invocations=17 (full 0):
 garbage-first heap   total 52224K, used 20043K [0x0000000780000000, 0x0000000800000000)
  region size 1024K, 2 young (2048K), 2 survivors (2048K)
 Metaspace       used 47406K, committed 48064K, reserved 1114112K
  class space    used 4727K, committed 4992K, reserved 1048576K
}
Event: 841.742 GC heap before
{Heap before GC invocations=17 (full 0):
 garbage-first heap   total 52224K, used 28235K [0x0000000780000000, 0x0000000800000000)
  region size 1024K, 11 young (11264K), 2 survivors (2048K)
 Metaspace       used 47442K, committed 48064K, reserved 1114112K
  class space    used 4728K, committed 4992K, reserved 1048576K
}
Event: 841.788 GC heap after
{Heap after GC invocations=18 (full 1):
 garbage-first heap   total 52224K, used 18317K [0x0000000780000000, 0x0000000800000000)
  region size 1024K, 0 young (0K), 0 survivors (0K)
 Metaspace       used 47442K, committed 48064K, reserved 1114112K
  class space    used 4728K, committed 4992K, reserved 1048576K
}
Event: 1231.605 GC heap before
{Heap before GC invocations=18 (full 1):
 garbage-first heap   total 52224K, used 46989K [0x0000000780000000, 0x0000000800000000)
  region size 1024K, 28 young (28672K), 0 survivors (0K)
 Metaspace       used 47733K, committed 48320K, reserved 1114112K
  class space    used 4744K, committed 4992K, reserved 1048576K
}
Event: 1231.616 GC heap after
{Heap after GC invocations=19 (full 1):
 garbage-first heap   total 52224K, used 19829K [0x0000000780000000, 0x0000000800000000)
  region size 1024K, 2 young (2048K), 2 survivors (2048K)
 Metaspace       used 47733K, committed 48320K, reserved 1114112K
  class space    used 4744K, committed 4992K, reserved 1048576K
}
Event: 1245.500 GC heap before
{Heap before GC invocations=19 (full 1):
 garbage-first heap   total 52224K, used 30069K [0x0000000780000000, 0x0000000800000000)
  region size 1024K, 13 young (13312K), 2 survivors (2048K)
 Metaspace       used 47859K, committed 48512K, reserved 1114112K
  class space    used 4750K, committed 5056K, reserved 1048576K
}
Event: 1245.502 GC heap after
{Heap after GC invocations=20 (full 1):
 garbage-first heap   total 52224K, used 20002K [0x0000000780000000, 0x0000000800000000)
  region size 1024K, 2 young (2048K), 2 survivors (2048K)
 Metaspace       used 47859K, committed 48512K, reserved 1114112K
  class space    used 4750K, committed 5056K, reserved 1048576K
}

